Status
Checking HiRTOS.tla / HiRTOS_all_safety_and_liveness.cfg
Success Fingerprint collision probability: 9.1E-6
Start: 00:18:34 (May 25), end: 07:54:21 (May 25)

States
Time	Diameter	Found	Distinct	Queue
00:00:00	0	1	1	1
00:00:03	23	2 622	1 198	320
00:01:03	43	76 135	26 360	2 344
00:02:03	51	147 977	48 974	3 031
00:03:03	58	218 952	70 539	3 316
00:04:03	64	290 189	92 617	4 767
00:05:03	68	361 634	113 792	6 313
00:06:03	70	433 103	135 117	8 379
00:07:03	73	504 896	155 963	10 378
00:08:03	74	577 797	177 588	12 622
00:09:03	76	651 100	199 025	14 726
00:10:03	77	724 511	220 277	16 753
00:11:03	78	797 246	240 868	18 365
00:12:03	79	869 647	261 518	19 948
00:13:03	80	941 288	281 947	21 573
00:14:03	81	1 013 718	302 524	23 360
00:15:03	82	1 085 921	322 338	24 500
00:16:03	83	1 157 455	341 741	26 254
00:17:03	83	1 229 529	362 020	27 629
00:18:03	84	1 302 118	382 782	29 576
00:19:03	85	1 373 697	401 247	30 330
00:20:04	85	1 446 257	422 251	31 793
00:21:04	86	1 519 149	442 247	32 855
00:22:04	86	1 590 691	461 369	33 839
00:23:04	87	1 663 163	482 511	34 758
00:24:04	88	1 734 303	500 711	35 056
00:25:04	88	1 806 598	521 749	35 419
00:26:04	89	1 878 140	540 251	36 216
00:27:04	89	1 949 761	560 490	36 327
00:28:04	90	2 016 294	577 939	36 866
00:29:04	90	2 082 026	596 294	36 692
00:30:04	91	2 147 354	613 009	37 075
00:31:04	91	2 213 360	631 586	36 463
00:32:04	92	2 279 972	648 083	36 538
00:33:04	92	2 345 157	666 261	35 817
00:34:04	93	2 409 453	682 136	35 559
00:35:04	93	2 475 704	700 237	34 854
00:36:04	94	2 540 311	716 115	34 563
00:37:04	94	2 604 332	733 551	33 806
00:38:04	95	2 668 326	749 221	33 602
00:39:04	95	2 733 872	767 225	32 922
00:40:04	96	2 798 697	783 077	32 597
00:41:04	96	2 863 174	800 892	32 340
00:42:04	97	2 927 868	816 823	31 840
00:43:04	97	2 992 237	834 494	31 882
00:44:04	98	3 056 865	851 446	32 140
00:45:05	98	3 122 307	869 119	32 299
00:46:05	99	3 187 158	886 659	32 700
00:47:05	99	3 251 930	903 768	32 921
00:48:05	100	3 316 796	921 786	33 496
00:49:05	100	3 381 299	938 537	33 722
00:50:05	101	3 445 594	956 600	34 148
00:51:05	101	3 509 416	973 043	34 332
00:52:05	102	3 572 932	990 922	34 656
00:53:05	102	3 636 779	1 007 493	34 782
00:54:05	103	3 700 560	1 025 158	34 900
00:55:05	103	3 764 456	1 042 012	34 943
00:56:05	104	3 828 334	1 059 579	34 913
00:57:05	104	3 891 426	1 076 314	34 900
00:58:05	105	3 954 637	1 093 744	34 879
00:59:05	105	4 017 997	1 110 559	34 767
01:00:05	106	4 080 815	1 127 691	34 773
01:01:05	106	4 144 560	1 144 953	34 678
01:02:05	107	4 209 077	1 162 486	34 719
01:03:05	107	4 273 041	1 179 660	34 547
01:04:05	108	4 336 483	1 197 063	34 625
01:05:05	108	4 399 990	1 214 090	34 338
01:06:05	109	4 463 616	1 231 596	34 313
01:07:05	109	4 526 950	1 248 369	33 840
01:08:05	110	4 589 887	1 265 743	33 668
01:09:05	110	4 652 197	1 282 147	33 182
01:10:06	111	4 715 138	1 299 507	32 912
01:11:06	111	4 778 103	1 315 889	32 413
01:12:06	112	4 841 508	1 333 845	31 883
01:13:06	113	4 904 141	1 349 467	31 420
01:14:06	113	4 969 000	1 368 138	30 684
01:15:06	114	5 032 699	1 384 077	30 010
01:16:06	114	5 096 479	1 401 699	29 258
01:17:06	115	5 159 425	1 418 412	28 281
01:18:06	115	5 221 713	1 434 723	27 855
01:19:06	116	5 284 352	1 452 678	27 265
01:20:06	117	5 346 938	1 468 671	26 875
01:21:06	117	5 409 448	1 485 884	26 590
01:22:06	118	5 472 483	1 503 953	26 904
01:23:06	119	5 535 078	1 520 350	27 081
01:24:06	119	5 598 400	1 538 196	27 268
01:25:06	120	5 661 521	1 555 731	27 485
01:26:06	121	5 724 417	1 572 234	27 573
01:27:06	121	5 787 309	1 590 543	27 627
01:28:06	122	5 848 883	1 606 638	27 642
01:29:06	122	5 911 247	1 623 919	27 518
01:30:06	123	5 975 042	1 642 116	27 393
01:31:06	124	6 038 174	1 658 841	27 557
01:32:06	124	6 101 688	1 676 800	27 572
01:33:06	125	6 165 543	1 695 031	27 822
01:34:07	126	6 229 120	1 711 860	27 679
01:35:07	126	6 291 314	1 730 110	27 884
01:36:07	127	6 354 585	1 747 460	27 910
01:37:07	127	6 417 630	1 764 982	28 260
01:38:07	128	6 480 638	1 783 897	28 467
01:39:07	129	6 543 174	1 800 557	28 698
01:40:07	129	6 605 608	1 818 562	29 006
01:41:07	130	6 669 007	1 836 785	29 235
01:42:07	131	6 733 232	1 854 098	29 540
01:43:07	131	6 796 615	1 873 113	29 661
01:44:07	132	6 860 412	1 890 254	29 872
01:45:07	132	6 923 426	1 908 154	30 114
01:46:07	133	6 987 463	1 926 577	30 639
01:47:07	133	7 050 890	1 943 712	31 055
01:48:08	134	7 114 222	1 962 898	31 773
01:49:08	135	7 177 347	1 979 214	31 988
01:50:08	135	7 241 247	1 998 350	32 682
01:51:08	136	7 303 688	2 014 630	32 993
01:52:08	136	7 367 867	2 033 562	33 732
01:53:08	137	7 431 478	2 050 461	34 061
01:54:08	137	7 495 754	2 069 160	34 707
01:55:08	138	7 559 535	2 086 311	35 158
01:56:08	138	7 625 274	2 105 293	35 727
01:57:08	139	7 688 688	2 122 271	36 199
01:58:08	139	7 752 550	2 140 760	36 553
01:59:08	140	7 816 734	2 157 706	37 067
02:00:08	140	7 881 051	2 176 497	37 210
02:01:08	141	7 944 979	2 192 960	37 570
02:02:08	141	8 009 158	2 211 927	37 762
02:03:08	142	8 072 012	2 227 748	38 165
02:04:09	142	8 134 205	2 245 835	37 962
02:05:09	142	8 198 356	2 262 340	38 377
02:06:09	143	8 262 221	2 280 214	38 429
02:07:09	143	8 326 346	2 297 601	39 025
02:08:09	144	8 391 449	2 315 211	39 425
02:09:09	144	8 455 830	2 333 459	39 868
02:10:09	145	8 518 688	2 349 759	40 319
02:11:09	145	8 582 082	2 368 465	40 718
02:12:09	145	8 646 762	2 384 590	41 143
02:13:09	146	8 712 442	2 403 266	41 089
02:14:09	146	8 775 978	2 420 317	41 921
02:15:09	147	8 839 470	2 437 203	42 309
02:16:09	147	8 902 666	2 456 031	43 238
02:17:09	147	8 965 761	2 471 633	43 808
02:18:09	148	9 028 919	2 490 191	44 406
02:19:09	148	9 092 125	2 507 387	45 321
02:20:09	149	9 155 336	2 523 918	45 892
02:21:09	149	9 219 283	2 543 390	47 202
02:22:09	149	9 282 658	2 559 463	47 647
02:23:09	150	9 344 610	2 576 485	48 699
02:24:09	150	9 408 757	2 595 571	49 587
02:25:09	150	9 471 299	2 611 322	50 095
02:26:09	151	9 534 692	2 628 925	51 360
02:27:09	151	9 598 380	2 647 834	52 008
02:28:10	151	9 660 740	2 663 465	52 475
02:29:10	152	9 723 678	2 680 570	53 368
02:30:10	152	9 786 596	2 699 591	54 206
02:31:10	152	9 849 041	2 715 420	54 847
02:32:10	153	9 912 242	2 732 139	55 423
02:33:10	153	9 975 868	2 751 241	56 112
02:34:10	153	10 039 939	2 768 147	57 127
02:35:10	154	10 102 617	2 783 979	57 693
02:36:10	154	10 166 201	2 802 381	58 008
02:37:10	154	10 227 946	2 820 298	58 848
02:38:10	154	10 290 433	2 835 655	59 232
02:39:10	155	10 353 736	2 852 327	59 701
02:40:10	155	10 416 676	2 871 382	60 047
02:41:10	155	10 480 040	2 887 896	60 677
02:42:10	156	10 543 145	2 903 589	61 180
02:43:10	156	10 606 678	2 921 649	61 213
02:44:10	156	10 670 405	2 940 755	62 212
02:45:10	156	10 731 321	2 955 729	62 356
02:46:10	157	10 794 398	2 972 190	62 644
02:47:10	157	10 858 156	2 990 862	63 014
02:48:10	157	10 921 611	3 008 645	63 492
02:49:10	157	10 984 629	3 024 022	63 710
02:50:10	158	11 047 809	3 040 790	63 945
02:51:10	158	11 111 540	3 059 829	63 988
02:52:11	158	11 175 462	3 076 654	64 265
02:53:11	158	11 237 630	3 091 997	64 342
02:54:11	159	11 300 396	3 109 308	64 487
02:55:11	159	11 364 097	3 128 539	64 364
02:56:11	159	11 426 798	3 144 114	64 224
02:57:11	160	11 489 760	3 159 866	63 969
02:58:11	160	11 553 136	3 177 930	64 018
02:59:11	160	11 616 572	3 196 608	63 638
03:00:11	160	11 676 206	3 211 028	63 506
03:01:11	161	11 738 739	3 227 135	63 216
03:02:11	161	11 801 887	3 245 455	63 361
03:03:11	161	11 865 092	3 263 135	62 710
03:04:11	161	11 927 972	3 278 244	62 572
03:05:11	162	11 990 535	3 294 784	62 632
03:06:11	162	12 053 370	3 313 493	61 979
03:07:11	162	12 116 117	3 329 688	61 823
03:08:11	163	12 178 166	3 344 518	61 385
03:09:11	163	12 241 031	3 362 170	61 287
03:10:11	163	12 303 642	3 380 749	60 780
03:11:11	163	12 365 839	3 395 675	60 488
03:12:11	164	12 428 231	3 411 532	59 831
03:13:11	164	12 491 370	3 429 799	59 998
03:14:13	164	12 553 041	3 446 150	58 910
03:15:13	164	12 615 511	3 461 042	58 500
03:16:13	165	12 678 632	3 478 144	58 038
03:17:13	165	12 741 334	3 496 394	57 451
03:18:13	165	12 803 769	3 511 406	57 122
03:19:13	166	12 866 677	3 527 575	56 481
03:20:13	166	12 929 606	3 545 877	56 569
03:21:13	166	12 992 101	3 561 543	55 401
03:22:13	167	13 054 528	3 576 818	55 082
03:23:13	167	13 118 186	3 594 827	54 856
03:24:14	167	13 180 846	3 612 099	54 367
03:25:14	167	13 243 380	3 627 024	54 115
03:26:14	168	13 304 749	3 643 886	53 895
03:27:14	168	13 367 448	3 661 997	53 622
03:28:14	168	13 429 479	3 677 189	53 919
03:29:14	169	13 491 970	3 693 623	53 510
03:30:14	169	13 554 548	3 712 253	53 698
03:31:14	169	13 616 906	3 727 491	53 546
03:32:14	170	13 679 273	3 744 007	53 828
03:33:14	170	13 742 298	3 762 736	54 181
03:34:14	170	13 804 536	3 778 357	53 813
03:35:14	171	13 866 587	3 794 438	54 203
03:36:14	171	13 929 597	3 812 733	54 269
03:37:14	171	13 991 986	3 829 581	54 455
03:38:14	172	14 054 171	3 844 852	54 621
03:39:14	172	14 114 975	3 862 316	54 608
03:40:14	172	14 177 305	3 880 525	55 096
03:41:14	172	14 239 957	3 895 812	55 169
03:42:14	173	14 302 332	3 912 804	54 979
03:43:14	173	14 365 513	3 931 811	55 430
03:44:14	173	14 428 387	3 947 352	55 613
03:45:14	174	14 491 474	3 963 872	55 467
03:46:14	174	14 554 792	3 982 916	55 954
03:47:14	174	14 617 325	3 998 858	55 574
03:48:14	175	14 680 076	4 015 177	55 841
03:49:14	175	14 742 696	4 033 505	56 710
03:50:15	175	14 805 056	4 050 550	56 114
03:51:15	175	14 867 240	4 065 843	56 375
03:52:15	176	14 930 111	4 083 287	56 007
03:53:15	176	14 991 872	4 101 664	56 627
03:54:15	176	15 054 117	4 117 074	56 965
03:55:15	177	15 116 237	4 133 133	56 577
03:56:15	177	15 179 576	4 152 125	57 331
03:57:15	177	15 242 181	4 168 131	56 883
03:58:15	178	15 305 514	4 184 066	57 172
03:59:15	178	15 369 257	4 202 849	58 013
04:00:15	178	15 432 389	4 220 179	57 294
04:01:15	178	15 494 996	4 235 409	57 597
04:02:15	179	15 557 441	4 252 458	57 654
04:03:15	179	15 621 272	4 271 230	58 177
04:04:15	179	15 684 244	4 287 184	58 408
04:05:15	180	15 746 647	4 302 988	58 250
04:06:15	180	15 810 560	4 321 708	59 306
04:07:15	180	15 872 057	4 338 344	58 838
04:08:15	180	15 934 882	4 353 514	58 931
04:09:15	181	15 997 573	4 371 019	59 447
04:10:15	181	16 061 517	4 389 540	59 450
04:11:15	181	16 124 393	4 405 395	59 555
04:12:15	182	16 187 362	4 421 472	59 688
04:13:15	182	16 251 403	4 440 239	60 355
04:14:15	182	16 313 940	4 457 163	59 963
04:15:15	182	16 376 688	4 472 372	60 196
04:16:15	183	16 439 423	4 489 880	60 755
04:17:15	183	16 502 821	4 508 458	61 195
04:18:16	183	16 565 039	4 524 208	61 003
04:19:16	184	16 627 759	4 540 077	61 424
04:20:16	184	16 690 613	4 558 335	61 652
04:21:16	184	16 754 719	4 576 526	62 017
04:22:16	184	16 817 411	4 591 942	62 766
04:23:16	185	16 877 796	4 607 759	62 858
04:24:16	185	16 942 010	4 626 556	63 545
04:25:16	185	17 004 346	4 643 479	63 395
04:26:16	185	17 067 968	4 659 022	63 977
04:27:16	186	17 132 205	4 676 270	63 864
04:28:16	186	17 196 383	4 695 128	64 813
04:29:16	186	17 259 783	4 711 660	64 654
04:30:16	187	17 323 872	4 727 297	64 873
04:31:16	187	17 396 054	4 747 586	64 798
04:32:16	187	17 464 638	4 767 710	65 492
04:33:16	187	17 531 526	4 783 831	65 481
04:34:16	188	17 597 789	4 801 032	65 471
04:35:16	188	17 665 896	4 820 595	65 877
04:36:16	188	17 732 386	4 838 839	65 850
04:37:16	188	17 799 335	4 854 838	65 910
04:38:16	189	17 866 115	4 872 565	65 794
04:39:16	189	17 929 556	4 891 198	66 015
04:40:16	189	17 995 735	4 908 247	65 598
04:41:16	190	18 062 382	4 924 318	65 284
04:42:17	190	18 129 196	4 942 847	65 143
04:43:17	190	18 196 715	4 962 357	64 735
04:44:17	190	18 262 763	4 978 308	64 067
04:45:17	191	18 328 897	4 994 909	63 667
04:46:17	191	18 396 285	5 013 803	62 691
04:47:17	191	18 462 382	5 031 791	62 310
04:48:17	191	18 528 845	5 047 475	61 826
04:49:17	192	18 595 106	5 065 161	61 670
04:50:17	192	18 661 757	5 084 439	60 455
04:51:17	192	18 727 997	5 100 443	59 904
04:52:17	193	18 794 033	5 117 193	59 514
04:53:17	193	18 861 290	5 135 987	58 497
04:54:17	193	18 929 758	5 153 665	58 133
04:55:17	194	18 995 741	5 169 762	57 418
04:56:17	194	19 062 512	5 188 057	56 722
04:57:17	194	19 125 190	5 205 179	55 908
04:58:17	194	19 191 319	5 220 493	55 204
04:59:17	195	19 257 713	5 238 153	54 657
05:00:17	195	19 323 652	5 256 854	53 556
05:01:17	195	19 389 920	5 272 066	52 751
05:02:17	196	19 456 095	5 289 564	52 178
05:03:17	196	19 521 981	5 308 256	51 311
05:04:17	196	19 587 603	5 323 493	50 758
05:05:17	197	19 653 676	5 341 234	50 123
05:06:17	197	19 719 166	5 359 314	49 465
05:07:17	198	19 784 637	5 374 787	49 059
05:08:17	198	19 851 057	5 393 190	48 569
05:09:17	198	19 916 370	5 410 505	48 170
05:10:18	199	19 981 821	5 426 983	48 141
05:11:18	199	20 048 181	5 445 297	47 641
05:12:18	199	20 113 745	5 462 400	47 818
05:13:18	200	20 179 539	5 479 171	47 208
05:14:18	200	20 243 456	5 497 890	47 375
05:15:18	200	20 309 048	5 513 571	47 053
05:16:18	201	20 374 891	5 531 820	47 173
05:17:18	201	20 440 502	5 550 011	46 891
05:18:18	202	20 506 115	5 566 274	46 861
05:19:18	202	20 571 845	5 584 843	46 797
05:20:18	202	20 637 346	5 601 836	46 377
05:21:18	203	20 702 895	5 618 678	46 078
05:22:18	203	20 769 096	5 637 725	45 853
05:23:18	203	20 834 347	5 653 352	45 528
05:24:18	204	20 899 985	5 671 596	44 933
05:25:18	204	20 965 443	5 688 955	44 310
05:26:18	205	21 030 940	5 705 533	43 963
05:27:18	205	21 096 739	5 724 150	43 229
05:28:18	205	21 161 962	5 739 861	42 588
05:29:18	206	21 227 297	5 757 817	41 585
05:30:18	206	21 292 786	5 774 852	41 070
05:31:18	207	21 357 927	5 791 802	40 240
05:32:18	207	21 423 313	5 809 904	39 688
05:33:18	208	21 484 580	5 825 044	39 277
05:34:18	208	21 549 828	5 843 533	38 596
05:35:18	208	21 614 613	5 859 634	38 774
05:36:19	209	21 679 579	5 877 758	38 027
05:37:19	209	21 744 533	5 894 673	38 332
05:38:19	210	21 809 520	5 912 537	38 047
05:39:19	210	21 874 333	5 929 994	38 550
05:40:19	211	21 939 485	5 947 142	38 485
05:41:19	211	22 004 637	5 965 668	39 036
05:42:19	212	22 069 359	5 982 098	39 201
05:43:19	212	22 134 695	6 001 160	39 714
05:44:19	212	22 199 393	6 016 939	39 874
05:45:19	213	22 264 382	6 035 704	39 780
05:46:19	213	22 329 138	6 052 277	40 127
05:47:19	214	22 393 882	6 070 000	40 486
05:48:19	214	22 459 018	6 087 993	41 108
05:49:19	215	22 523 754	6 104 482	41 524
05:50:19	215	22 589 614	6 123 504	41 874
05:51:19	215	22 654 498	6 139 475	42 162
05:52:19	216	22 719 144	6 157 437	41 889
05:53:19	216	22 780 986	6 174 180	42 754
05:54:19	217	22 845 954	6 190 779	43 042
05:55:19	217	22 912 082	6 209 825	43 586
05:56:19	217	22 977 037	6 225 805	43 835
05:57:19	218	23 041 475	6 243 493	43 548
05:58:19	218	23 106 864	6 261 263	44 304
05:59:19	219	23 171 754	6 277 665	44 781
06:00:19	219	23 237 426	6 296 734	45 234
06:01:19	219	23 302 082	6 313 043	45 662
06:02:19	220	23 366 678	6 330 080	45 674
06:03:19	220	23 427 228	6 347 828	47 222
06:04:20	220	23 491 558	6 363 610	47 667
06:05:20	221	23 555 595	6 380 917	47 466
06:06:20	221	23 621 502	6 399 626	48 884
06:07:20	221	23 686 015	6 415 133	49 382
06:08:20	222	23 750 365	6 433 067	49 319
06:09:20	222	23 815 717	6 450 998	50 185
06:10:20	222	23 880 622	6 466 558	50 633
06:11:20	223	23 945 456	6 484 950	50 531
06:12:20	223	24 010 584	6 502 633	51 374
06:13:20	223	24 075 519	6 518 084	51 604
06:14:20	224	24 140 165	6 536 292	51 370
06:15:20	224	24 205 351	6 554 183	52 157
06:16:20	224	24 270 096	6 569 619	52 302
06:17:20	225	24 334 607	6 587 333	51 865
06:18:20	225	24 399 995	6 605 652	52 534
06:19:20	225	24 464 426	6 620 916	52 547
06:20:20	226	24 528 726	6 638 197	52 038
06:21:20	226	24 594 881	6 656 897	52 176
06:22:20	226	24 659 394	6 672 143	51 947
06:23:20	227	24 723 720	6 689 217	51 435
06:24:20	227	24 789 063	6 707 689	51 094
06:25:20	227	24 853 342	6 722 744	50 549
06:26:20	228	24 917 424	6 739 883	50 068
06:27:20	228	24 982 526	6 757 965	49 346
06:28:20	228	25 046 746	6 772 847	48 750
06:29:20	229	25 111 059	6 790 397	48 116
06:30:21	229	25 175 174	6 807 497	47 471
06:31:21	230	25 239 627	6 822 426	46 792
06:32:21	230	25 302 023	6 839 785	45 850
06:33:21	230	25 365 888	6 855 914	45 069
06:34:21	231	25 429 932	6 871 275	44 356
06:35:21	231	25 494 612	6 888 914	43 267
06:36:21	231	25 559 005	6 904 154	42 324
06:37:21	232	25 623 040	6 920 690	41 992
06:38:21	232	25 686 604	6 937 046	40 440
06:39:21	233	25 750 509	6 951 966	39 424
06:40:21	233	25 815 141	6 969 286	38 093
06:41:21	233	25 879 306	6 983 914	37 094
06:42:21	234	25 943 561	7 000 791	35 684
06:43:21	234	26 008 009	7 016 082	34 527
06:44:21	235	26 072 142	7 032 633	33 414
06:45:21	235	26 135 863	7 047 876	32 063
06:46:21	236	26 199 842	7 064 321	30 799
06:47:21	236	26 263 467	7 079 475	29 843
06:48:21	237	26 327 314	7 096 318	28 732
06:49:21	238	26 390 717	7 111 470	28 053
06:50:21	238	26 454 612	7 128 369	27 212
06:51:21	239	26 518 305	7 144 573	26 939
06:52:21	239	26 582 029	7 160 185	26 180
06:53:21	240	26 646 130	7 177 595	25 945
06:54:22	241	26 709 447	7 193 145	25 481
06:55:22	241	26 771 167	7 209 204	25 237
06:56:22	242	26 834 906	7 226 186	25 014
06:57:22	243	26 898 665	7 242 020	24 813
06:58:22	243	26 962 626	7 258 780	24 374
06:59:22	244	27 026 365	7 275 988	23 950
07:00:22	245	27 089 777	7 291 768	23 843
07:01:22	245	27 153 843	7 308 218	23 289
07:02:22	246	27 217 333	7 325 284	23 022
07:03:22	247	27 280 861	7 341 766	22 866
07:04:22	248	27 343 798	7 357 335	22 388
07:05:22	248	27 407 205	7 373 972	22 125
07:06:22	249	27 470 384	7 390 756	21 726
07:07:22	250	27 533 358	7 406 792	21 538
07:08:22	251	27 596 216	7 422 430	20 935
07:09:22	251	27 659 239	7 438 497	20 314
07:10:22	252	27 722 579	7 454 984	19 522
07:11:22	253	27 785 772	7 471 320	18 626
07:12:22	254	27 848 820	7 487 571	17 883
07:13:22	255	27 911 539	7 503 399	17 269
07:14:22	256	27 974 214	7 519 180	16 421
07:15:22	257	28 036 540	7 534 769	15 383
07:16:22	258	28 099 005	7 550 405	14 346
07:17:22	259	28 161 448	7 565 745	13 233
07:18:22	260	28 224 198	7 580 829	12 010
07:19:22	262	28 282 890	7 595 471	10 935
07:20:23	263	28 345 733	7 611 306	10 423
07:21:23	265	28 408 550	7 627 282	10 100
07:22:23	267	28 470 912	7 643 000	9 743
07:23:23	268	28 533 461	7 659 260	9 536
07:24:23	270	28 595 859	7 675 074	9 129
07:25:23	272	28 658 328	7 690 802	8 309
07:26:23	274	28 720 480	7 706 556	7 360
07:27:23	276	28 783 096	7 722 575	6 614
07:28:23	279	28 845 663	7 738 370	5 690
07:29:23	282	28 908 178	7 754 356	5 030
07:30:23	285	28 970 806	7 770 824	5 231
07:31:23	288	29 033 936	7 787 194	4 936
07:32:23	292	29 096 064	7 803 250	4 373
07:33:23	296	29 158 562	7 819 173	3 821
07:34:23	301	29 220 050	7 834 177	2 078
07:35:23	317	29 281 240	7 848 355	433
07:35:47	357	29 304 782	7 853 746	0

Coverage
Module	Action	Total	Distinct
HiRTOS	Init	1	1
HiRTOS	check_time_slice_step	943 170	473 138
HiRTOS	choose_next_thread_step	943 168	413 772
HiRTOS	run_scheduler_return_step	838 772	413 772
HiRTOS	acquire_mutex_step_	66 312	55 932
HiRTOS	acquire_mutex_acquire_step	35 112	28 640
HiRTOS	acquire_mutex_make_condvar_wait_awoken_thread_runnable_step	9 120	7 120
HiRTOS	acquire_mutex_wait_on_mutex_step	31 200	27 292
HiRTOS	acquire_mutex_check_if_priority_inheritance_needed_step	31 200	27 292
HiRTOS	acquire_mutex_priority_inheritance_step	11 712	5 272
HiRTOS	acquire_mutex_priority_inheritance_if_mutex_owner_runnable_step	6 544	5 272
HiRTOS	acquire_mutex_priority_inheritance_if_mutex_owner_blocked_on_mutex_step	0	0
HiRTOS	acquire_mutex_priority_inheritance_if_mutex_owner_blocked_on_condvar_step	0	0
HiRTOS	acquire_mutex_priority_inheritance_update_prio_step	6 544	5 272
HiRTOS	acquire_mutex_check_if_synchronous_context_switch_needed_step	26 032	23 172
HiRTOS	acquire_mutex_synchronous_context_switch_step	22 864	20 564
HiRTOS	do_acquire_mutex_return_step	54 408	45 244
HiRTOS	enter_critical_section_step_	53 384	45 692
HiRTOS	exit_critical_section_step_	42 120	26 644
HiRTOS	acquire_mutex_return_step	784 304	111 668
HiRTOS	release_mutex_step_	60 956	46 540
HiRTOS	release_mutex_restore_priority_step	60 956	46 540
HiRTOS	release_mutex_check_if_mutex_waiters_step	60 956	46 540
HiRTOS	release_mutex_wakeup_mutex_waiter_step	13 216	10 400
HiRTOS	release_mutex_synchronous_context_switch_step	6 912	5 832
HiRTOS	do_release_mutex_return_step	60 956	46 540
HiRTOS	enter_critical_section_step_R	32 904	27 348
HiRTOS	exit_critical_section_step_R	32 904	26 124
HiRTOS	release_mutex_return_step	959 536	38 116
HiRTOS	wait_on_condvar_wait_step	81 436	64 884
HiRTOS	wait_on_condvar_release_mutex_step	81 436	64 884
HiRTOS	wait_on_condvar_synchronous_context_switch_step	81 436	64 884
HiRTOS	do_wait_on_condvar_return_step	65 296	50 712
HiRTOS	enter_critical_section_step_W	28 052	19 192
HiRTOS	exit_critical_section_step_W	24 672	7 888
HiRTOS	wait_on_condvar_return_step	1 503 848	50 176
HiRTOS	signal_condvar_step	120 332	69 502
HiRTOS	signal_condvar_wakeup_waiter_step	85 016	43 386
HiRTOS	signal_condvar_check_if_mutex_reacquire_needed_step	83 512	43 386
HiRTOS	signal_condvar_reacquire_mutex_step	12 928	10 240
HiRTOS	signal_condvar_awoken_thread_runnable_step	70 584	33 146
HiRTOS	signal_condvar_check_if_sync_context_switch_needed_step	82 872	42 874
HiRTOS	signal_condvar_synchronous_context_switch_step	5 872	4 640
HiRTOS	do_condvar_signal_return_step	118 188	51 870
HiRTOS	enter_critical_section_step_S	42 244	30 452
HiRTOS	exit_critical_section_step_S	37 556	22 616
HiRTOS	condvar_signaled_step	1 167 224	27 832
HiRTOS	enter_critical_section_step_B	42 244	30 452
HiRTOS	broadcast_condvar_step	48 500	35 380
HiRTOS	broadcast_condvar_wakeup_waiter_step	7 504	5 904
HiRTOS	broadcast_condvar_after_waking_up_one_waiter_step	6 416	4 928
HiRTOS	broadcast_condvar_check_if_sync_context_switch_needed_step	40 996	29 476
HiRTOS	broadcast_condvar_synchronous_context_switch_step	5 680	4 448
HiRTOS	exit_critical_section_step_B	40 996	28 996
HiRTOS	condvar_broadcasted_step	1 882 136	1 536
HiRTOS	enter_critical_section_step_D	53 384	45 692
HiRTOS	delay_until_step	53 384	45 692
HiRTOS	exit_critical_section_step_D	40 624	11 512
HiRTOS	after_delay_until_step	1 609 032	53 360
HiRTOS	thread_state_machine_next_state_loop	53 384	45 692
HiRTOS	context_switch0	3 939 200	1 607 172
HiRTOS	acquire_mutex_step	984 800	522 108
HiRTOS	context_switch1	63 664	37 400
HiRTOS	waiting_for_resource_step	500 352	294 488
HiRTOS	context_switch2	24 360	6 736
HiRTOS	release_mutex_step	531 088	334 584
HiRTOS	thread_iteration_completed_step	1 959 920	895 534
HiRTOS	idle_thread_next_state_loop	2 272	0
HiRTOS	timer_interrupt_next_state_loop	2 361 813	52 719
HiRTOS	enter_critical_section_step_T	423 780	159 524
HiRTOS	track_time_slice	423 780	159 048
HiRTOS	wakeup_delay_until_waiters	467 210	180 308
HiRTOS	timer_interupt_asynchronous_context_switch_step	396 626	156 970
HiRTOS	exit_critical_section_step_T	315 106	52 718
HiRTOS	other_interrupt_next_state_loop	2 867 426	12
HiRTOS	enter_critical_section_step	423 780	159 526
HiRTOS	other_interupt_asynchronous_context_switch_step	423 780	159 526
HiRTOS	exit_critical_section_step	423 778	2

